<?xml version="1.0" encoding="UTF-8"?>
<!-- Generated by org.testng.reporters.JUnitReportReporter -->
<testsuite hostname="ASPBS-263" failures="0" tests="1" name="com.test.RestAssured.PatchUser" time="3.646" errors="0" timestamp="2022-07-13T16:36:04 IST" skipped="0">
  <testcase classname="com.test.RestAssured.PatchUser" name="patchUser" time="3.646"/>
  <system-out/>
</testsuite> <!-- com.test.RestAssured.PatchUser -->
