<?xml version="1.0" encoding="UTF-8"?>
<!-- Generated by org.testng.reporters.JUnitReportReporter -->
<testsuite hostname="ASPBS-263" failures="0" tests="1" name="com.test.RestAssured.GetAllUser" time="4.331" errors="0" timestamp="2022-07-13T16:02:45 IST" skipped="0">
  <testcase classname="com.test.RestAssured.GetAllUser" name="getAllUsers" time="4.331"/>
  <system-out/>
</testsuite> <!-- com.test.RestAssured.GetAllUser -->
