<?xml version="1.0" encoding="UTF-8"?>
<!-- Generated by org.testng.reporters.JUnitReportReporter -->
<testsuite hostname="ASPBS-263" failures="0" tests="1" name="com.test.RestAssured.GetAllUserBDD" time="7.565" errors="0" timestamp="2022-07-13T18:55:03 IST" skipped="0">
  <testcase classname="com.test.RestAssured.GetAllUserBDD" name="getAllUsers" time="7.565"/>
  <system-out/>
</testsuite> <!-- com.test.RestAssured.GetAllUserBDD -->
