<?xml version="1.0" encoding="UTF-8"?>
<!-- Generated by org.testng.reporters.JUnitReportReporter -->
<testsuite hostname="ASPBS-263" failures="0" tests="1" name="com.test.RestAssured.PutUser" time="4.171" errors="0" timestamp="2022-07-13T16:23:41 IST" skipped="0">
  <testcase classname="com.test.RestAssured.PutUser" name="postAuser" time="4.171"/>
  <system-out/>
</testsuite> <!-- com.test.RestAssured.PutUser -->
