<?xml version="1.0" encoding="UTF-8"?>
<!-- Generated by org.testng.reporters.JUnitReportReporter -->
<testsuite hostname="ASPBS-263" failures="0" tests="1" name="com.test.RestAssured.deleteUser" time="4.244" errors="0" timestamp="2022-07-13T16:38:22 IST" skipped="0">
  <testcase classname="com.test.RestAssured.deleteUser" name="deleteUser" time="4.244"/>
  <system-out/>
</testsuite> <!-- com.test.RestAssured.deleteUser -->
