<?xml version="1.0" encoding="UTF-8"?>
<!-- Generated by org.testng.reporters.JUnitReportReporter -->
<testsuite hostname="ASPBS-263" failures="0" tests="1" name="com.test.RestAssured.PostAuser" time="4.410" errors="0" timestamp="2022-07-13T16:04:37 IST" skipped="0">
  <testcase classname="com.test.RestAssured.PostAuser" name="postAuser" time="4.410"/>
  <system-out/>
</testsuite> <!-- com.test.RestAssured.PostAuser -->
