<?xml version="1.0" encoding="UTF-8"?>
<!-- Generated by org.testng.reporters.JUnitReportReporter -->
<testsuite hostname="ASPBS-263" failures="0" tests="1" name="com.test.RestAssured.deleteUserBDD" time="3.876" errors="0" timestamp="2022-07-13T19:23:22 IST" skipped="0">
  <testcase classname="com.test.RestAssured.deleteUserBDD" name="deleteUserBDD" time="3.876"/>
  <system-out/>
</testsuite> <!-- com.test.RestAssured.deleteUserBDD -->
