<?xml version="1.0" encoding="UTF-8"?>
<!-- Generated by org.testng.reporters.JUnitReportReporter -->
<testsuite hostname="ASPBS-263" failures="0" tests="1" name="com.test.RestAssured.CreateAUserFromExternalFile" time="3.133" errors="0" timestamp="2022-07-13T19:52:52 IST" skipped="0">
  <testcase classname="com.test.RestAssured.CreateAUserFromExternalFile" name="CreateUserFromExternalFile" time="3.133"/>
  <system-out/>
</testsuite> <!-- com.test.RestAssured.CreateAUserFromExternalFile -->
