<?xml version="1.0" encoding="UTF-8"?>
<!-- Generated by org.testng.reporters.JUnitReportReporter -->
<testsuite hostname="ASPBS-263" failures="0" tests="1" name="com.test.RestAssured.PostAuserBDD" time="5.860" errors="0" timestamp="2022-07-13T19:05:37 IST" skipped="0">
  <testcase classname="com.test.RestAssured.PostAuserBDD" name="postAuserBDD" time="5.860"/>
  <system-out/>
</testsuite> <!-- com.test.RestAssured.PostAuserBDD -->
