<?xml version="1.0" encoding="UTF-8"?>
<!-- Generated by org.testng.reporters.JUnitReportReporter -->
<testsuite hostname="ASPBS-263" failures="0" tests="1" name="com.test.RestAssured.PutUserBDD" time="4.742" errors="0" timestamp="2022-07-13T19:12:44 IST" skipped="0">
  <testcase classname="com.test.RestAssured.PutUserBDD" name="PutUserBDD" time="4.742"/>
  <system-out/>
</testsuite> <!-- com.test.RestAssured.PutUserBDD -->
