<?xml version="1.0" encoding="UTF-8"?>
<!-- Generated by org.testng.reporters.JUnitReportReporter -->
<testsuite hostname="ASPBS-263" failures="0" tests="1" name="com.test.RestAssured.PatchUserBDD" time="3.867" errors="0" timestamp="2022-07-13T19:21:46 IST" skipped="0">
  <testcase classname="com.test.RestAssured.PatchUserBDD" name="patchUserBDD" time="3.867"/>
  <system-out/>
</testsuite> <!-- com.test.RestAssured.PatchUserBDD -->
